app/build/intermediates/manifest_merge_blame_file/debug/manifest-merger-blame-debug-report.txt
1<?xml version="1.0" encoding="utf-8"?>
2<manifest xmlns:android="http://schemas.android.com/apk/res/android"
3    package="com.shreya_scademy.app"
4    android:versionCode="12"
5    android:versionName="1.0.12" >
6
7    <uses-sdk
8        android:minSdkVersion="21"
8-->src\main\AndroidManifest.xml
9        android:targetSdkVersion="32" />
9-->src\main\AndroidManifest.xml
10
11    <uses-permission android:name="android.permission.INTERNET" />
11-->src\main\AndroidManifest.xml:6:5-67
11-->src\main\AndroidManifest.xml:6:22-64
12
13    <uses-feature
13-->src\main\AndroidManifest.xml:8:5-10:35
14        android:name="android.hardware.camera.any"
14-->src\main\AndroidManifest.xml:9:9-51
15        android:required="true" />
15-->src\main\AndroidManifest.xml:10:9-32
16    <uses-feature
16-->src\main\AndroidManifest.xml:11:5-13:36
17        android:name="android.hardware.camera.autofocus"
17-->src\main\AndroidManifest.xml:12:9-57
18        android:required="false" />
18-->src\main\AndroidManifest.xml:13:9-33
19
20    <uses-permission android:name="android.permission.ACCESS_NETWORK_STATE" />
20-->src\main\AndroidManifest.xml:15:5-79
20-->src\main\AndroidManifest.xml:15:22-76
21    <uses-permission android:name="android.permission.CHANGE_NETWORK_STATE" />
21-->src\main\AndroidManifest.xml:16:5-79
21-->src\main\AndroidManifest.xml:16:22-76
22    <uses-permission android:name="android.permission.INTERNET" />
22-->src\main\AndroidManifest.xml:6:5-67
22-->src\main\AndroidManifest.xml:6:22-64
23    <uses-permission android:name="android.permission.CAMERA" />
23-->src\main\AndroidManifest.xml:18:5-65
23-->src\main\AndroidManifest.xml:18:22-62
24    <uses-permission android:name="android.permission.READ_EXTERNAL_STORAGE" />
24-->src\main\AndroidManifest.xml:19:5-80
24-->src\main\AndroidManifest.xml:19:22-77
25    <uses-permission android:name="android.permission.WRITE_EXTERNAL_STORAGE" />
25-->src\main\AndroidManifest.xml:20:5-81
25-->src\main\AndroidManifest.xml:20:22-78
26    <uses-permission android:name="android.permission.PACKAGE_USAGE_STATS" />
26-->src\main\AndroidManifest.xml:21:5-23:47
26-->src\main\AndroidManifest.xml:22:9-62
27    <uses-permission android:name="android.permission.READ_PHONE_STATE" />
27-->src\main\AndroidManifest.xml:24:5-75
27-->src\main\AndroidManifest.xml:24:22-72
28    <uses-permission android:name="android.permission.GET_TASKS" />
28-->src\main\AndroidManifest.xml:25:5-68
28-->src\main\AndroidManifest.xml:25:22-65
29
30    <uses-feature
30-->[:mobilertc] AndroidManifest.xml:11:5-54
31        android:glEsVersion="0x00020000"
31-->[:mobilertc] AndroidManifest.xml:11:19-51
32        android:required="true" />
32-->[com.google.android.gms:play-services-maps:17.0.0] AndroidManifest.xml:28:9-32
33    <uses-feature
33-->[:mobilertc] AndroidManifest.xml:12:5-14:36
34        android:name="android.hardware.camera"
34-->[:mobilertc] AndroidManifest.xml:13:9-47
35        android:required="false" />
35-->[:mobilertc] AndroidManifest.xml:14:9-33
36    <uses-feature
36-->[:mobilertc] AndroidManifest.xml:18:5-20:36
37        android:name="android.hardware.telephony"
37-->[:mobilertc] AndroidManifest.xml:19:9-50
38        android:required="false" />
38-->[:mobilertc] AndroidManifest.xml:20:9-33
39    <uses-feature
39-->[:mobilertc] AndroidManifest.xml:21:5-23:36
40        android:name="android.hardware.bluetooth"
40-->[:mobilertc] AndroidManifest.xml:22:9-50
41        android:required="false" />
41-->[:mobilertc] AndroidManifest.xml:23:9-33
42    <uses-feature
42-->[:mobilertc] AndroidManifest.xml:24:5-26:36
43        android:name="android.hardware.microphone"
43-->[:mobilertc] AndroidManifest.xml:25:9-51
44        android:required="false" />
44-->[:mobilertc] AndroidManifest.xml:26:9-33
45
46    <uses-permission android:name="android.permission.ACCESS_WIFI_STATE" />
46-->[:mobilertc] AndroidManifest.xml:32:5-76
46-->[:mobilertc] AndroidManifest.xml:32:22-73
47    <uses-permission android:name="android.permission.MODIFY_AUDIO_SETTINGS" />
47-->[:mobilertc] AndroidManifest.xml:33:5-80
47-->[:mobilertc] AndroidManifest.xml:33:22-77
48    <uses-permission android:name="android.permission.RECORD_AUDIO" />
48-->[:mobilertc] AndroidManifest.xml:34:5-71
48-->[:mobilertc] AndroidManifest.xml:34:22-68
49    <uses-permission android:name="android.permission.BLUETOOTH" />
49-->[:mobilertc] AndroidManifest.xml:36:5-68
49-->[:mobilertc] AndroidManifest.xml:36:22-65
50    <uses-permission android:name="android.permission.BLUETOOTH_ADMIN" />
50-->[:mobilertc] AndroidManifest.xml:37:5-74
50-->[:mobilertc] AndroidManifest.xml:37:22-71
51    <uses-permission android:name="android.permission.BROADCAST_STICKY" />
51-->[:mobilertc] AndroidManifest.xml:38:5-75
51-->[:mobilertc] AndroidManifest.xml:38:22-72
52    <uses-permission android:name="android.permission.WAKE_LOCK" />
52-->[:mobilertc] AndroidManifest.xml:39:5-68
52-->[:mobilertc] AndroidManifest.xml:39:22-65
53    <uses-permission android:name="android.permission.CALL_PHONE" />
53-->[:mobilertc] AndroidManifest.xml:40:5-69
53-->[:mobilertc] AndroidManifest.xml:40:22-66
54    <uses-permission android:name="android.permission.SYSTEM_ALERT_WINDOW" />
54-->[:mobilertc] AndroidManifest.xml:41:5-78
54-->[:mobilertc] AndroidManifest.xml:41:22-75
55    <uses-permission android:name="android.permission.FOREGROUND_SERVICE" />
55-->[:mobilertc] AndroidManifest.xml:42:5-77
55-->[:mobilertc] AndroidManifest.xml:42:22-74
56
57    <queries>
57-->[com.razorpay:checkout:1.6.18] AndroidManifest.xml:11:5-37:15
58        <intent>
58-->[com.razorpay:checkout:1.6.18] AndroidManifest.xml:12:9-18:18
59            <action android:name="android.intent.action.VIEW" />
59-->src\main\AndroidManifest.xml:64:17-69
59-->src\main\AndroidManifest.xml:64:25-66
60
61            <data
61-->src\main\AndroidManifest.xml:69:17-75
62                android:mimeType="*/*"
63                android:scheme="*" />
63-->src\main\AndroidManifest.xml:69:23-72
64        </intent>
65        <intent>
65-->[com.razorpay:checkout:1.6.18] AndroidManifest.xml:19:9-28:18
66            <action android:name="android.intent.action.VIEW" />
66-->src\main\AndroidManifest.xml:64:17-69
66-->src\main\AndroidManifest.xml:64:25-66
67
68            <category android:name="android.intent.category.BROWSABLE" />
68-->src\main\AndroidManifest.xml:67:17-78
68-->src\main\AndroidManifest.xml:67:27-75
69
70            <data
70-->src\main\AndroidManifest.xml:69:17-75
71                android:host="pay"
72                android:mimeType="*/*"
73                android:scheme="upi" />
73-->src\main\AndroidManifest.xml:69:23-72
74        </intent>
75        <intent>
75-->[com.razorpay:checkout:1.6.18] AndroidManifest.xml:29:9-31:18
76            <action android:name="android.intent.action.MAIN" />
76-->src\main\AndroidManifest.xml:275:17-69
76-->src\main\AndroidManifest.xml:275:25-66
77        </intent>
78        <intent>
78-->[com.razorpay:checkout:1.6.18] AndroidManifest.xml:32:9-36:18
79            <action android:name="android.intent.action.SEND" />
79-->[com.razorpay:checkout:1.6.18] AndroidManifest.xml:33:13-65
79-->[com.razorpay:checkout:1.6.18] AndroidManifest.xml:33:21-62
80
81            <data android:mimeType="*/*" />
81-->src\main\AndroidManifest.xml:69:17-75
82        </intent>
83    </queries> <!-- Required by older versions of Google Play services to create IID tokens -->
84    <uses-permission android:name="com.google.android.c2dm.permission.RECEIVE" />
84-->[com.google.firebase:firebase-iid:20.3.0] AndroidManifest.xml:26:5-82
84-->[com.google.firebase:firebase-iid:20.3.0] AndroidManifest.xml:26:22-79
85    <uses-permission android:name="com.google.android.finsky.permission.BIND_GET_INSTALL_REFERRER_SERVICE" />
85-->[com.google.android.gms:play-services-measurement:17.6.0] AndroidManifest.xml:26:5-110
85-->[com.google.android.gms:play-services-measurement:17.6.0] AndroidManifest.xml:26:22-107
86    <uses-permission android:name="android.permission.VIBRATE" />
86-->[io.card:android-sdk:5.5.1] AndroidManifest.xml:10:5-66
86-->[io.card:android-sdk:5.5.1] AndroidManifest.xml:10:22-63
87
88    <application
88-->src\main\AndroidManifest.xml:27:5-321:19
89        android:name="com.shreya_scademy.app.App"
89-->src\main\AndroidManifest.xml:28:9-28
90        android:allowBackup="true"
90-->src\main\AndroidManifest.xml:29:9-35
91        android:appComponentFactory="androidx.core.app.CoreComponentFactory"
91-->[androidx.core:core:1.7.0] AndroidManifest.xml:24:18-86
92        android:debuggable="true"
93        android:hardwareAccelerated="true"
93-->src\main\AndroidManifest.xml:30:9-43
94        android:icon="@mipmap/ic_launcher_foreground"
94-->src\main\AndroidManifest.xml:31:9-54
95        android:label="@string/app_name"
95-->src\main\AndroidManifest.xml:32:9-41
96        android:largeHeap="true"
96-->src\main\AndroidManifest.xml:33:9-33
97        android:requestLegacyExternalStorage="true"
97-->src\main\AndroidManifest.xml:34:9-52
98        android:resizeableActivity="false"
98-->src\main\AndroidManifest.xml:35:9-43
99        android:roundIcon="@mipmap/ic_launcher_foreground"
99-->src\main\AndroidManifest.xml:36:9-59
100        android:supportsRtl="true"
100-->src\main\AndroidManifest.xml:37:9-35
101        android:testOnly="true"
102        android:theme="@style/AppTheme"
102-->src\main\AndroidManifest.xml:38:9-40
103        android:usesCleartextTraffic="true" >
103-->src\main\AndroidManifest.xml:39:9-44
104        <activity
104-->src\main\AndroidManifest.xml:41:9-43:40
105            android:name="com.shreya_scademy.app.ui.login.StaffLogin"
105-->src\main\AndroidManifest.xml:42:13-48
106            android:exported="false" />
106-->src\main\AndroidManifest.xml:43:13-37
107        <activity
107-->src\main\AndroidManifest.xml:44:9-46:40
108            android:name="com.shreya_scademy.app.ui.batch.LeaveCommentActivity"
108-->src\main\AndroidManifest.xml:45:13-58
109            android:exported="false" />
109-->src\main\AndroidManifest.xml:46:13-37
110
111        <meta-data
111-->src\main\AndroidManifest.xml:48:9-50:55
112            android:name="com.facebook.sdk.ApplicationId"
112-->src\main\AndroidManifest.xml:49:13-58
113            android:value="@string/facebook_app_id" />
113-->src\main\AndroidManifest.xml:50:13-52
114        <meta-data
114-->src\main\AndroidManifest.xml:51:9-53:61
115            android:name="com.facebook.sdk.ClientToken"
115-->src\main\AndroidManifest.xml:52:13-56
116            android:value="@string/facebook_client_token" />
116-->src\main\AndroidManifest.xml:53:13-58
117
118        <activity
118-->src\main\AndroidManifest.xml:55:9-59:48
119            android:name="com.facebook.FacebookActivity"
119-->src\main\AndroidManifest.xml:56:13-57
120            android:configChanges="keyboard|keyboardHidden|screenLayout|screenSize|orientation"
120-->src\main\AndroidManifest.xml:57:13-96
121            android:exported="false"
121-->src\main\AndroidManifest.xml:58:13-37
122            android:label="@string/app_name"
122-->src\main\AndroidManifest.xml:59:13-45
123            android:theme="@style/com_facebook_activity_theme" />
123-->[com.facebook.android:facebook-common:12.3.0] AndroidManifest.xml:33:13-63
124        <activity
124-->src\main\AndroidManifest.xml:60:9-71:20
125            android:name="com.facebook.CustomTabActivity"
125-->src\main\AndroidManifest.xml:61:13-58
126            android:exported="true" >
126-->src\main\AndroidManifest.xml:62:13-36
127            <intent-filter>
127-->src\main\AndroidManifest.xml:63:13-70:29
128                <action android:name="android.intent.action.VIEW" />
128-->src\main\AndroidManifest.xml:64:17-69
128-->src\main\AndroidManifest.xml:64:25-66
129
130                <category android:name="android.intent.category.DEFAULT" />
130-->src\main\AndroidManifest.xml:66:17-76
130-->src\main\AndroidManifest.xml:66:27-73
131                <category android:name="android.intent.category.BROWSABLE" />
131-->src\main\AndroidManifest.xml:67:17-78
131-->src\main\AndroidManifest.xml:67:27-75
132
133                <data android:scheme="@string/fb_login_protocol_scheme" />
133-->src\main\AndroidManifest.xml:69:17-75
133-->src\main\AndroidManifest.xml:69:23-72
134            </intent-filter>
135            <intent-filter>
135-->[com.facebook.android:facebook-common:12.3.0] AndroidManifest.xml:39:13-48:29
136                <action android:name="android.intent.action.VIEW" />
136-->src\main\AndroidManifest.xml:64:17-69
136-->src\main\AndroidManifest.xml:64:25-66
137
138                <category android:name="android.intent.category.DEFAULT" />
138-->src\main\AndroidManifest.xml:66:17-76
138-->src\main\AndroidManifest.xml:66:27-73
139                <category android:name="android.intent.category.BROWSABLE" />
139-->src\main\AndroidManifest.xml:67:17-78
139-->src\main\AndroidManifest.xml:67:27-75
140
141                <data
141-->src\main\AndroidManifest.xml:69:17-75
142                    android:host="cct.com.shreya_scademy.app"
143                    android:scheme="fbconnect" />
143-->src\main\AndroidManifest.xml:69:23-72
144            </intent-filter>
145        </activity>
146        <activity
146-->src\main\AndroidManifest.xml:72:9-76:76
147            android:name="com.shreya_scademy.app.ui.batch.ActivityAllBatch"
147-->src\main\AndroidManifest.xml:73:13-54
148            android:exported="false"
148-->src\main\AndroidManifest.xml:74:13-37
149            android:windowSoftInputMode="stateAlwaysHidden|adjustResize" />
149-->src\main\AndroidManifest.xml:76:13-73
150        <activity
150-->src\main\AndroidManifest.xml:77:9-80:15
151            android:name="com.shreya_scademy.app.ui.syllabus.ActivitySyllabus"
151-->src\main\AndroidManifest.xml:78:13-57
152            android:exported="false" />
152-->src\main\AndroidManifest.xml:79:13-37
153        <activity
153-->src\main\AndroidManifest.xml:81:9-84:15
154            android:name="com.shreya_scademy.app.ui.certificate.ActivityCertificateAssigned"
154-->src\main\AndroidManifest.xml:82:13-71
155            android:exported="false" />
155-->src\main\AndroidManifest.xml:83:13-37
156        <activity
156-->src\main\AndroidManifest.xml:85:9-89:76
157            android:name="com.shreya_scademy.app.ui.multibatch.ActivityMyBatch"
157-->src\main\AndroidManifest.xml:86:13-58
158            android:exported="false"
158-->src\main\AndroidManifest.xml:87:13-37
159            android:windowSoftInputMode="stateAlwaysHidden|adjustResize" />
159-->src\main\AndroidManifest.xml:89:13-73
160        <activity
160-->src\main\AndroidManifest.xml:90:9-93:15
161            android:name="com.shreya_scademy.app.ui.paymentGateway.Razorpay"
161-->src\main\AndroidManifest.xml:91:13-55
162            android:exported="false" />
162-->src\main\AndroidManifest.xml:92:13-37
163        <activity
163-->src\main\AndroidManifest.xml:94:9-97:15
164            android:name="com.shreya_scademy.app.ui.library.ActivityPdf"
164-->src\main\AndroidManifest.xml:95:13-51
165            android:exported="false" />
165-->src\main\AndroidManifest.xml:96:13-37
166        <activity
166-->src\main\AndroidManifest.xml:98:9-101:15
167            android:name="com.shreya_scademy.app.ui.library.ActivityLibrary"
167-->src\main\AndroidManifest.xml:99:13-55
168            android:exported="false" />
168-->src\main\AndroidManifest.xml:100:13-37
169        <activity
169-->src\main\AndroidManifest.xml:102:9-105:76
170            android:name="com.shreya_scademy.app.ui.multibatch.ActivityMultiBatchHome"
170-->src\main\AndroidManifest.xml:103:13-65
171            android:exported="false"
171-->src\main\AndroidManifest.xml:104:13-37
172            android:windowSoftInputMode="stateAlwaysHidden|adjustResize" />
172-->src\main\AndroidManifest.xml:105:13-73
173        <activity
173-->src\main\AndroidManifest.xml:106:9-109:53
174            android:name="com.shreya_scademy.app.ui.galary.galleryvideos.ActivityVimeoVideo"
174-->src\main\AndroidManifest.xml:107:13-71
175            android:exported="false"
175-->src\main\AndroidManifest.xml:108:13-37
176            android:screenOrientation="landscape" />
176-->src\main\AndroidManifest.xml:109:13-50
177        <activity
177-->src\main\AndroidManifest.xml:110:9-113:15
178            android:name="com.shreya_scademy.app.ui.forgotpassword.ActivityForgotPassword"
178-->src\main\AndroidManifest.xml:111:13-69
179            android:exported="false" />
179-->src\main\AndroidManifest.xml:112:13-37
180        <activity
180-->src\main\AndroidManifest.xml:114:9-117:15
181            android:name="com.shreya_scademy.app.ui.batch.ActivityBatchDetails"
181-->src\main\AndroidManifest.xml:115:13-58
182            android:exported="false" />
182-->src\main\AndroidManifest.xml:116:13-37
183        <activity
183-->src\main\AndroidManifest.xml:118:9-122:76
184            android:name="com.shreya_scademy.app.ui.batch.ActivityBatch"
184-->src\main\AndroidManifest.xml:119:13-51
185            android:exported="false"
185-->src\main\AndroidManifest.xml:120:13-37
186            android:windowSoftInputMode="stateAlwaysHidden|adjustResize" />
186-->src\main\AndroidManifest.xml:122:13-73
187        <activity
187-->src\main\AndroidManifest.xml:123:9-126:53
188            android:name="com.shreya_scademy.app.ui.galary.galleryvideos.ExoplayerVideos"
188-->src\main\AndroidManifest.xml:124:13-68
189            android:exported="false"
189-->src\main\AndroidManifest.xml:125:13-37
190            android:screenOrientation="landscape" />
190-->src\main\AndroidManifest.xml:126:13-50
191        <activity
191-->src\main\AndroidManifest.xml:127:9-131:76
192            android:name="com.shreya_scademy.app.ui.signup.ActivitySignUp"
192-->src\main\AndroidManifest.xml:128:13-53
193            android:exported="false"
193-->src\main\AndroidManifest.xml:129:13-37
194            android:windowSoftInputMode="stateAlwaysHidden|adjustResize" />
194-->src\main\AndroidManifest.xml:131:13-73
195        <activity
195-->src\main\AndroidManifest.xml:132:9-136:15
196            android:name="com.shreya_scademy.app.ui.paymentGateway.ActivityPaymentGateway"
196-->src\main\AndroidManifest.xml:133:13-69
197            android:exported="false"
197-->src\main\AndroidManifest.xml:134:13-37
198            android:parentActivityName="com.shreya_scademy.app.ui.paymentGateway.ActivityPaymentGateway" />
198-->src\main\AndroidManifest.xml:135:13-83
199        <activity
199-->src\main\AndroidManifest.xml:137:9-140:15
200            android:name="com.shreya_scademy.app.ui.payment.ActivityPaymentHistory"
200-->src\main\AndroidManifest.xml:138:13-62
201            android:exported="false" />
201-->src\main\AndroidManifest.xml:139:13-37
202        <activity
202-->src\main\AndroidManifest.xml:141:9-145:63
203            android:name="com.shreya_scademy.app.ui.doubtClasses.ActivityDoubtClasses"
203-->src\main\AndroidManifest.xml:142:13-65
204            android:exported="false"
204-->src\main\AndroidManifest.xml:143:13-37
205            android:windowSoftInputMode="stateAlwaysHidden" />
205-->src\main\AndroidManifest.xml:145:13-60
206        <activity
206-->src\main\AndroidManifest.xml:146:9-150:63
207            android:name="com.shreya_scademy.app.ui.editProfile.ActivityProfile"
207-->src\main\AndroidManifest.xml:147:13-59
208            android:exported="false"
208-->src\main\AndroidManifest.xml:148:13-37
209            android:windowSoftInputMode="stateAlwaysHidden" />
209-->src\main\AndroidManifest.xml:150:13-60
210        <activity
210-->src\main\AndroidManifest.xml:151:9-154:15
211            android:name="com.shreya_scademy.app.ui.aboutapp.ActivityOpenSourceLibrary"
211-->src\main\AndroidManifest.xml:152:13-66
212            android:exported="false" />
212-->src\main\AndroidManifest.xml:153:13-37
213        <activity
213-->src\main\AndroidManifest.xml:155:9-158:15
214            android:name="com.shreya_scademy.app.ui.aboutapp.ActivityAboutApp"
214-->src\main\AndroidManifest.xml:156:13-57
215            android:exported="false" />
215-->src\main\AndroidManifest.xml:157:13-37
216        <activity
216-->src\main\AndroidManifest.xml:159:9-162:15
217            android:name="com.shreya_scademy.app.ui.settingdashboard.ActivitySettingDashboard"
217-->src\main\AndroidManifest.xml:160:13-73
218            android:exported="false" />
218-->src\main\AndroidManifest.xml:161:13-37
219        <activity
219-->src\main\AndroidManifest.xml:163:9-167:63
220            android:name="com.shreya_scademy.app.ui.applyleave.ActivityApplyLeave"
220-->src\main\AndroidManifest.xml:164:13-61
221            android:exported="false"
221-->src\main\AndroidManifest.xml:165:13-37
222            android:windowSoftInputMode="stateAlwaysHidden" />
222-->src\main\AndroidManifest.xml:167:13-60
223        <activity
223-->src\main\AndroidManifest.xml:168:9-171:15
224            android:name="com.shreya_scademy.app.ui.certificate.ActivityCertificate"
224-->src\main\AndroidManifest.xml:169:13-63
225            android:exported="false" />
225-->src\main\AndroidManifest.xml:170:13-37
226        <activity
226-->src\main\AndroidManifest.xml:172:9-175:15
227            android:name="com.shreya_scademy.app.ui.home.ActivityPrivacyPolicy"
227-->src\main\AndroidManifest.xml:173:13-58
228            android:exported="false" />
228-->src\main\AndroidManifest.xml:174:13-37
229        <activity
229-->src\main\AndroidManifest.xml:176:9-179:15
230            android:name="com.shreya_scademy.app.ui.attendance.ActivityAttendance"
230-->src\main\AndroidManifest.xml:177:13-61
231            android:exported="false" />
231-->src\main\AndroidManifest.xml:178:13-37
232        <activity
232-->src\main\AndroidManifest.xml:180:9-183:15
233            android:name="com.shreya_scademy.app.ui.academicrecord.ActivityAcademicRecord"
233-->src\main\AndroidManifest.xml:181:13-69
234            android:exported="false" />
234-->src\main\AndroidManifest.xml:182:13-37
235        <activity
235-->src\main\AndroidManifest.xml:184:9-187:15
236            android:name="com.shreya_scademy.app.ui.live.ActivityLive"
236-->src\main\AndroidManifest.xml:185:13-49
237            android:exported="false" />
237-->src\main\AndroidManifest.xml:186:13-37
238        <activity
238-->src\main\AndroidManifest.xml:188:9-191:15
239            android:name="com.shreya_scademy.app.ui.generatepapers.ActivityGetPapers"
239-->src\main\AndroidManifest.xml:189:13-64
240            android:exported="false" />
240-->src\main\AndroidManifest.xml:190:13-37
241        <activity
241-->src\main\AndroidManifest.xml:192:9-195:15
242            android:name="com.shreya_scademy.app.ui.assignment.ActivityAssignment"
242-->src\main\AndroidManifest.xml:193:13-61
243            android:exported="false" />
243-->src\main\AndroidManifest.xml:194:13-37
244        <activity
244-->src\main\AndroidManifest.xml:196:9-199:15
245            android:name="com.shreya_scademy.app.ui.paymentGateway.paypal"
245-->src\main\AndroidManifest.xml:197:13-53
246            android:exported="false" />
246-->src\main\AndroidManifest.xml:198:13-37
247        <activity
247-->src\main\AndroidManifest.xml:200:9-203:15
248            android:name="com.shreya_scademy.app.ui.extraclass.ActivityExtraClass"
248-->src\main\AndroidManifest.xml:201:13-61
249            android:exported="false" />
249-->src\main\AndroidManifest.xml:202:13-37
250        <activity
250-->src\main\AndroidManifest.xml:204:9-207:55
251            android:name="com.shreya_scademy.app.ui.video.ActivityYoutubeVideo"
251-->src\main\AndroidManifest.xml:205:13-58
252            android:exported="false"
252-->src\main\AndroidManifest.xml:206:13-37
253            android:screenOrientation="unspecified" />
253-->src\main\AndroidManifest.xml:207:13-52
254        <activity
254-->src\main\AndroidManifest.xml:208:9-212:63
255            android:name="com.shreya_scademy.app.ui.base.BaseActivity"
255-->src\main\AndroidManifest.xml:209:13-49
256            android:exported="false"
256-->src\main\AndroidManifest.xml:210:13-37
257            android:windowSoftInputMode="stateAlwaysHidden" />
257-->src\main\AndroidManifest.xml:212:13-60
258        <activity
258-->src\main\AndroidManifest.xml:213:9-216:15
259            android:name="com.shreya_scademy.app.ui.UpcomingExams.ActivitySubVacancy"
259-->src\main\AndroidManifest.xml:214:13-64
260            android:exported="false" />
260-->src\main\AndroidManifest.xml:215:13-37
261        <activity
261-->src\main\AndroidManifest.xml:217:9-221:15
262            android:name="com.shreya_scademy.app.ui.mcq.resultquestionlist.ActivityPaperResultList"
262-->src\main\AndroidManifest.xml:218:13-78
263            android:configChanges="keyboardHidden|orientation|screenSize"
263-->src\main\AndroidManifest.xml:219:13-74
264            android:exported="false" />
264-->src\main\AndroidManifest.xml:220:13-37
265        <activity
265-->src\main\AndroidManifest.xml:222:9-225:15
266            android:name="com.shreya_scademy.app.ui.galary.galleryvideos.ActivityGalleryVideos"
266-->src\main\AndroidManifest.xml:223:13-74
267            android:exported="false" />
267-->src\main\AndroidManifest.xml:224:13-37
268        <activity
268-->src\main\AndroidManifest.xml:226:9-229:15
269            android:name="com.shreya_scademy.app.ui.noticeAnnouncement.ActivityForFragments"
269-->src\main\AndroidManifest.xml:227:13-71
270            android:exported="false" />
270-->src\main\AndroidManifest.xml:228:13-37
271        <activity
271-->src\main\AndroidManifest.xml:230:9-233:15
272            android:name="com.shreya_scademy.app.ui.mcq.generateresult.ActivityGenerateResult"
272-->src\main\AndroidManifest.xml:231:13-73
273            android:exported="false" />
273-->src\main\AndroidManifest.xml:232:13-37
274        <activity
274-->src\main\AndroidManifest.xml:234:9-237:40
275            android:name="com.shreya_scademy.app.ui.mcq.practiceresult.ActivityPracticeResult"
275-->src\main\AndroidManifest.xml:235:13-73
276            android:configChanges="keyboardHidden|orientation|screenSize"
276-->src\main\AndroidManifest.xml:236:13-74
277            android:exported="false" />
277-->src\main\AndroidManifest.xml:237:13-37
278        <activity
278-->src\main\AndroidManifest.xml:238:9-241:15
279            android:name="com.shreya_scademy.app.ui.mcq.practicepaper.ActivityPracticePaper"
279-->src\main\AndroidManifest.xml:239:13-71
280            android:exported="false" />
280-->src\main\AndroidManifest.xml:240:13-37
281        <activity
281-->src\main\AndroidManifest.xml:242:9-245:15
282            android:name="com.shreya_scademy.app.ui.mcq.ActivityMCQDashboard"
282-->src\main\AndroidManifest.xml:243:13-56
283            android:exported="false" />
283-->src\main\AndroidManifest.xml:244:13-37
284        <activity
284-->src\main\AndroidManifest.xml:246:9-249:15
285            android:name="com.shreya_scademy.app.ui.UpcomingExams.ActivityVacancyOrUpcomingExam"
285-->src\main\AndroidManifest.xml:247:13-75
286            android:exported="false" />
286-->src\main\AndroidManifest.xml:248:13-37
287        <activity
287-->src\main\AndroidManifest.xml:250:9-253:15
288            android:name="com.shreya_scademy.app.ui.home.ActivityHome"
288-->src\main\AndroidManifest.xml:251:13-49
289            android:exported="false" />
289-->src\main\AndroidManifest.xml:252:13-37
290        <activity
290-->src\main\AndroidManifest.xml:254:9-258:76
291            android:name="com.shreya_scademy.app.ui.login.ActivityLogin"
291-->src\main\AndroidManifest.xml:255:13-51
292            android:exported="false"
292-->src\main\AndroidManifest.xml:256:13-37
293            android:windowSoftInputMode="stateAlwaysHidden|adjustResize" />
293-->src\main\AndroidManifest.xml:258:13-73
294        <activity
294-->src\main\AndroidManifest.xml:259:9-263:76
295            android:name="com.shreya_scademy.app.ui.mobilephone.PhoneNumberLoginActivity"
295-->src\main\AndroidManifest.xml:260:13-68
296            android:exported="false"
296-->src\main\AndroidManifest.xml:261:13-37
297            android:windowSoftInputMode="stateAlwaysHidden|adjustResize" />
297-->src\main\AndroidManifest.xml:263:13-73
298        <activity
298-->src\main\AndroidManifest.xml:264:9-268:76
299            android:name="com.shreya_scademy.app.ui.mobilephone.PhoneNumberVerificationActivity"
299-->src\main\AndroidManifest.xml:265:13-75
300            android:exported="false"
300-->src\main\AndroidManifest.xml:266:13-37
301            android:windowSoftInputMode="stateAlwaysHidden|adjustResize" />
301-->src\main\AndroidManifest.xml:268:13-73
302        <activity
302-->src\main\AndroidManifest.xml:269:9-279:20
303            android:name="com.shreya_scademy.app.ui.splash.SplashActivity"
303-->src\main\AndroidManifest.xml:270:13-53
304            android:exported="true"
304-->src\main\AndroidManifest.xml:271:13-36
305            android:windowSoftInputMode="stateAlwaysHidden" >
305-->src\main\AndroidManifest.xml:273:13-60
306            <intent-filter>
306-->src\main\AndroidManifest.xml:274:13-278:29
307                <action android:name="android.intent.action.MAIN" />
307-->src\main\AndroidManifest.xml:275:17-69
307-->src\main\AndroidManifest.xml:275:25-66
308
309                <category android:name="android.intent.category.LAUNCHER" />
309-->src\main\AndroidManifest.xml:277:17-77
309-->src\main\AndroidManifest.xml:277:27-74
310            </intent-filter>
311        </activity>
312        <activity
312-->src\main\AndroidManifest.xml:280:9-284:76
313            android:name="com.shreya_scademy.app.ui.contact.ContactActivity"
313-->src\main\AndroidManifest.xml:281:13-55
314            android:exported="false"
314-->src\main\AndroidManifest.xml:282:13-37
315            android:windowSoftInputMode="stateAlwaysHidden|adjustResize" />
315-->src\main\AndroidManifest.xml:284:13-73
316        <activity
316-->src\main\AndroidManifest.xml:285:9-289:63
317            android:name="com.shreya_scademy.app.ui.help.HelpActivity"
317-->src\main\AndroidManifest.xml:286:13-49